BEGIN;
BEGIN
EXPLAIN (ANALYZE, BUFFERS)
select
	s_name,
	count(*) as numwait
from
	supplier,
	lineitem l1,
	orders,
	nation
where
	s_suppkey = l1.l_suppkey
	and o_orderkey = l1.l_orderkey
	and o_orderstatus = 'F'
	and l1.l_receiptdate > l1.l_commitdate
	and exists (
		select
			*
		from
			lineitem l2
		where
			l2.l_orderkey = l1.l_orderkey
			and l2.l_suppkey <> l1.l_suppkey
	)
	and not exists (
		select
			*
		from
			lineitem l3
		where
			l3.l_orderkey = l1.l_orderkey
			and l3.l_suppkey <> l1.l_suppkey
			and l3.l_receiptdate > l3.l_commitdate
	)
	and s_nationkey = n_nationkey
	and n_name = 'FRANCE'
group by
	s_name
order by
	numwait desc,
	s_name
LIMIT 100;
                                                                                                  QUERY PLAN                                                                                                  
--------------------------------------------------------------------------------------------------------------------------------------------------------------------------------------------------------------
 Limit  (cost=2877569.97..2877569.97 rows=1 width=26) (actual time=42047.554..42047.570 rows=100 loops=1)
   Buffers: shared hit=13547786 read=706607 written=396
   ->  Sort  (cost=2877569.97..2877569.97 rows=1 width=26) (actual time=42047.552..42047.559 rows=100 loops=1)
         Sort Key: (count(*)), supplier.s_name
         Sort Method: top-N heapsort  Memory: 32kB
         Buffers: shared hit=13547786 read=706607 written=396
         ->  HashAggregate  (cost=2877569.95..2877569.96 rows=1 width=26) (actual time=42045.343..42046.439 rows=3960 loops=1)
               Group Key: supplier.s_name
               Buffers: shared hit=13547778 read=706607 written=396
               ->  Nested Loop Anti Join  (cost=2406.88..2877569.94 rows=1 width=26) (actual time=42.375..41987.749 rows=39290 loops=1)
                     Buffers: shared hit=13547778 read=706607 written=396
                     ->  Nested Loop Semi Join  (cost=2406.31..2877568.16 rows=1 width=34) (actual time=41.488..39170.150 rows=699941 loops=1)
                           Join Filter: (orders.o_orderkey = l2.l_orderkey)
                           Buffers: shared hit=10035668 read=704253 written=392
                           ->  Nested Loop  (cost=2405.75..2351156.45 rows=393906 width=38) (actual time=41.409..33999.870 rows=726427 loops=1)
                                 Buffers: shared hit=6544651 read=557614 written=97
                                 ->  Hash Join  (cost=2405.31..1925281.11 rows=808881 width=34) (actual time=41.241..26212.854 rows=1503174 loops=1)
                                       Hash Cond: (l1.l_suppkey = supplier.s_suppkey)
                                       Buffers: shared hit=574761 read=506684 written=12
                                       ->  Seq Scan on lineitem l1  (cost=0.00..1838829.99 rows=20255200 width=8) (actual time=0.015..19240.192 rows=37928434 loops=1)
                                             Filter: (l_receiptdate > l_commitdate)
                                             Rows Removed by Filter: 22057104
                                             Buffers: shared hit=572577 read=506683 written=12
                                       ->  Hash  (cost=2355.31..2355.31 rows=4000 width=30) (actual time=41.156..41.156 rows=3961 loops=1)
                                             Buckets: 4096  Batches: 1  Memory Usage: 280kB
                                             Buffers: shared hit=2181 read=1
                                             ->  Nested Loop  (cost=43.00..2355.31 rows=4000 width=30) (actual time=0.326..39.970 rows=3961 loops=1)
                                                   Buffers: shared hit=2181 read=1
                                                   ->  Seq Scan on nation  (cost=0.00..1.31 rows=1 width=4) (actual time=0.006..0.011 rows=1 loops=1)
                                                         Filter: (n_name = 'FRANCE'::bpchar)
                                                         Rows Removed by Filter: 24
                                                         Buffers: shared hit=1
                                                   ->  Bitmap Heap Scan on supplier  (cost=43.00..2314.00 rows=4000 width=34) (actual time=0.313..39.305 rows=3961 loops=1)
                                                         Recheck Cond: (s_nationkey = nation.n_nationkey)
                                                         Rows Removed by Index Recheck: 96039
                                                         Heap Blocks: lossy=2179
                                                         Buffers: shared hit=2180 read=1
                                                         ->  Bitmap Index Scan on supplier_s_nationkey_s_suppkey_brin_idx  (cost=0.00..42.00 rows=4000 width=0) (actual time=0.272..0.272 rows=23040 loops=1)
                                                               Index Cond: (s_nationkey = nation.n_nationkey)
                                                               Buffers: shared hit=1 read=1
                                 ->  Index Scan using pk_orders on orders  (cost=0.43..0.52 rows=1 width=4) (actual time=0.004..0.005 rows=0 loops=1503174)
                                       Index Cond: (o_orderkey = l1.l_orderkey)
                                       Filter: (o_orderstatus = 'F'::bpchar)
                                       Rows Removed by Filter: 1
                                       Buffers: shared hit=5969890 read=50930 written=85
                           ->  Index Scan using pk_lineitem on lineitem l2  (cost=0.56..1.15 rows=15 width=8) (actual time=0.006..0.006 rows=1 loops=726427)
                                 Index Cond: (l_orderkey = l1.l_orderkey)
                                 Filter: (l_suppkey <> l1.l_suppkey)
                                 Rows Removed by Filter: 0
                                 Buffers: shared hit=3491017 read=146639 written=295
                     ->  Index Scan using pk_lineitem on lineitem l3  (cost=0.56..1.15 rows=5 width=8) (actual time=0.003..0.003 rows=1 loops=699941)
                           Index Cond: (l_orderkey = l1.l_orderkey)
                           Filter: ((l_receiptdate > l_commitdate) AND (l_suppkey <> l1.l_suppkey))
                           Rows Removed by Filter: 1
                           Buffers: shared hit=3512110 read=2354 written=4
 Planning time: 9.243 ms
 Execution time: 42047.913 ms
(57 rows)

COMMIT;
COMMIT
