BEGIN;
BEGIN
EXPLAIN (ANALYZE, BUFFERS)
select
	sum(l_extendedprice* (1 - l_discount)) as revenue
from
	lineitem,
	part
where
	(
		p_partkey = l_partkey
		and p_brand = 'Brand#33'
		and p_container in ('SM CASE', 'SM BOX', 'SM PACK', 'SM PKG')
		and l_quantity >= 9 and l_quantity <= 9+10
		and p_size between 1 and 5
		and l_shipmode in ('AIR', 'AIR REG')
		and l_shipinstruct = 'DELIVER IN PERSON'
	)
	or
	(
		p_partkey = l_partkey
		and p_brand = 'Brand#41'
		and p_container in ('MED BAG', 'MED BOX', 'MED PKG', 'MED PACK')
		and l_quantity >= 11 and l_quantity <= 11+10
		and p_size between 1 and 10
		and l_shipmode in ('AIR', 'AIR REG')
		and l_shipinstruct = 'DELIVER IN PERSON'
	)
	or
	(
		p_partkey = l_partkey
		and p_brand = 'Brand#41'
		and p_container in ('LG CASE', 'LG BOX', 'LG PACK', 'LG PKG')
		and l_quantity >= 23 and l_quantity <= 23+10
		and p_size between 1 and 15
		and l_shipmode in ('AIR', 'AIR REG')
		and l_shipinstruct = 'DELIVER IN PERSON'
	);
                                                                                                                                                                                                                                                                                                                                                                                                                                                                                                                                                  QUERY PLAN                                                                                                                                                                                                                                                                                                                                                                                                                                                                                                                                                  
--------------------------------------------------------------------------------------------------------------------------------------------------------------------------------------------------------------------------------------------------------------------------------------------------------------------------------------------------------------------------------------------------------------------------------------------------------------------------------------------------------------------------------------------------------------------------------------------------------------------------------------------------------------------------------------------------------------------------------------------------------------------------------------------------------------------------------------------------------------------------------------------------------------------------------------------------------------------------------------------------------------------------------------------------------------------------------------------------------------
 Aggregate  (cost=614169.81..614169.82 rows=1 width=8) (actual time=1867.035..1867.035 rows=1 loops=1)
   Buffers: shared hit=102175 read=84313 dirtied=945 written=392
   ->  Nested Loop  (cost=12876.03..614161.23 rows=1144 width=8) (actual time=33.666..1866.109 rows=1166 loops=1)
         Buffers: shared hit=102175 read=84313 dirtied=945 written=392
         ->  Bitmap Heap Scan on part  (cost=12875.46..26596.99 rows=4769 width=30) (actual time=33.403..300.785 rows=4877 loops=1)
               Recheck Cond: (((p_container = ANY ('{"SM CASE","SM BOX","SM PACK","SM PKG"}'::bpchar[])) AND (p_brand = 'Brand#33'::bpchar) AND (p_size <= 5) AND (p_size >= 1)) OR ((p_container = ANY ('{"MED BAG","MED BOX","MED PKG","MED PACK"}'::bpchar[])) AND (p_brand = 'Brand#41'::bpchar) AND (p_size <= 10) AND (p_size >= 1)) OR ((p_container = ANY ('{"LG CASE","LG BOX","LG PACK","LG PKG"}'::bpchar[])) AND (p_brand = 'Brand#41'::bpchar) AND (p_size <= 15) AND (p_size >= 1)))
               Rows Removed by Index Recheck: 19367
               Heap Blocks: exact=18412
               Buffers: shared hit=16 read=18584 written=82
               ->  BitmapOr  (cost=12875.46..12875.46 rows=4772 width=0) (actual time=29.517..29.517 rows=0 loops=1)
                     Buffers: shared hit=16 read=172
                     ->  BitmapAnd  (cost=2306.81..2306.81 rows=813 width=0) (actual time=8.483..8.483 rows=0 loops=1)
                           Buffers: shared hit=4 read=58
                           ->  Bitmap Index Scan on part_p_container_p_brand_p_partkey_idx  (cost=0.00..290.91 rows=8122 width=0) (actual time=3.579..3.579 rows=7925 loops=1)
                                 Index Cond: ((p_container = ANY ('{"SM CASE","SM BOX","SM PACK","SM PKG"}'::bpchar[])) AND (p_brand = 'Brand#33'::bpchar))
                                 Buffers: shared hit=4 read=56
                           ->  Bitmap Index Scan on part_p_size_brin_idx  (cost=0.00..2013.27 rows=200127 width=0) (actual time=4.216..4.216 rows=405760 loops=1)
                                 Index Cond: ((p_size <= 5) AND (p_size >= 1))
                                 Buffers: shared read=2
                     ->  BitmapAnd  (cost=4297.69..4297.69 rows=1595 width=0) (actual time=8.791..8.791 rows=0 loops=1)
                           Buffers: shared hit=6 read=56
                           ->  Bitmap Index Scan on part_p_container_p_brand_p_partkey_idx  (cost=0.00..289.59 rows=7987 width=0) (actual time=3.791..3.791 rows=8172 loops=1)
                                 Index Cond: ((p_container = ANY ('{"MED BAG","MED BOX","MED PKG","MED PACK"}'::bpchar[])) AND (p_brand = 'Brand#41'::bpchar))
                                 Buffers: shared hit=4 read=56
                           ->  Bitmap Index Scan on part_p_size_brin_idx  (cost=0.00..4005.47 rows=399347 width=0) (actual time=4.255..4.255 rows=405760 loops=1)
                                 Index Cond: ((p_size <= 10) AND (p_size >= 1))
                                 Buffers: shared hit=2
                     ->  BitmapAnd  (cost=6270.45..6270.45 rows=2365 width=0) (actual time=8.359..8.359 rows=0 loops=1)
                           Buffers: shared hit=6 read=58
                           ->  Bitmap Index Scan on part_p_container_p_brand_p_partkey_idx  (cost=0.00..272.75 rows=7905 width=0) (actual time=3.458..3.458 rows=8147 loops=1)
                                 Index Cond: ((p_container = ANY ('{"LG CASE","LG BOX","LG PACK","LG PKG"}'::bpchar[])) AND (p_brand = 'Brand#41'::bpchar))
                                 Buffers: shared hit=4 read=58
                           ->  Bitmap Index Scan on part_p_size_brin_idx  (cost=0.00..5995.07 rows=598307 width=0) (actual time=4.166..4.166 rows=405760 loops=1)
                                 Index Cond: ((p_size <= 15) AND (p_size >= 1))
                                 Buffers: shared hit=2
         ->  Index Scan using lineitem_l_partkey_l_quantity_idx on lineitem  (cost=0.56..123.19 rows=1 width=16) (actual time=0.283..0.319 rows=0 loops=4877)
               Index Cond: (l_partkey = part.p_partkey)
               Filter: ((l_shipmode = ANY ('{AIR,"AIR REG"}'::bpchar[])) AND (l_shipinstruct = 'DELIVER IN PERSON'::bpchar) AND (((l_quantity >= 9::double precision) AND (l_quantity <= 19::double precision)) OR ((l_quantity >= 11::double precision) AND (l_quantity <= 21::double precision)) OR ((l_quantity >= 23::double precision) AND (l_quantity <= 33::double precision))) AND (((part.p_brand = 'Brand#33'::bpchar) AND (part.p_container = ANY ('{"SM CASE","SM BOX","SM PACK","SM PKG"}'::bpchar[])) AND (l_quantity >= 9::double precision) AND (l_quantity <= 19::double precision) AND (part.p_size <= 5)) OR ((part.p_brand = 'Brand#41'::bpchar) AND (part.p_container = ANY ('{"MED BAG","MED BOX","MED PKG","MED PACK"}'::bpchar[])) AND (l_quantity >= 11::double precision) AND (l_quantity <= 21::double precision) AND (part.p_size <= 10)) OR ((part.p_brand = 'Brand#41'::bpchar) AND (part.p_container = ANY ('{"LG CASE","LG BOX","LG PACK","LG PKG"}'::bpchar[])) AND (l_quantity >= 23::double precision) AND (l_quantity <= 33::double precision) AND (part.p_size <= 15))))
               Rows Removed by Filter: 30
               Buffers: shared hit=102159 read=65729 dirtied=945 written=310
 Planning time: 3.738 ms
 Execution time: 1867.396 ms
(42 rows)

COMMIT;
COMMIT
