BEGIN;
BEGIN
EXPLAIN
select
	sum(l_extendedprice* (1 - l_discount)) as revenue
from
	lineitem,
	part
where
	(
		p_partkey = l_partkey
		and p_brand = 'Brand#41'
		and p_container in ('SM CASE', 'SM BOX', 'SM PACK', 'SM PKG')
		and l_quantity >= 1 and l_quantity <= 1+10
		and p_size between 1 and 5
		and l_shipmode in ('AIR', 'AIR REG')
		and l_shipinstruct = 'DELIVER IN PERSON'
	)
	or
	(
		p_partkey = l_partkey
		and p_brand = 'Brand#33'
		and p_container in ('MED BAG', 'MED BOX', 'MED PKG', 'MED PACK')
		and l_quantity >= 15 and l_quantity <= 15+10
		and p_size between 1 and 10
		and l_shipmode in ('AIR', 'AIR REG')
		and l_shipinstruct = 'DELIVER IN PERSON'
	)
	or
	(
		p_partkey = l_partkey
		and p_brand = 'Brand#23'
		and p_container in ('LG CASE', 'LG BOX', 'LG PACK', 'LG PKG')
		and l_quantity >= 30 and l_quantity <= 30+10
		and p_size between 1 and 15
		and l_shipmode in ('AIR', 'AIR REG')
		and l_shipinstruct = 'DELIVER IN PERSON'
	);
                                                                                                                                                                                                                                                                                                                                                                                                                                                                                                                                                  QUERY PLAN                                                                                                                                                                                                                                                                                                                                                                                                                                                                                                                                                  
--------------------------------------------------------------------------------------------------------------------------------------------------------------------------------------------------------------------------------------------------------------------------------------------------------------------------------------------------------------------------------------------------------------------------------------------------------------------------------------------------------------------------------------------------------------------------------------------------------------------------------------------------------------------------------------------------------------------------------------------------------------------------------------------------------------------------------------------------------------------------------------------------------------------------------------------------------------------------------------------------------------------------------------------------------------------------------------------------------------
 Aggregate  (cost=611887.23..611887.24 rows=1 width=8)
   ->  Nested Loop  (cost=12879.96..611878.71 rows=1136 width=8)
         ->  Bitmap Heap Scan on part  (cost=12875.22..26601.84 rows=4770 width=30)
               Recheck Cond: (((p_container = ANY ('{"SM CASE","SM BOX","SM PACK","SM PKG"}'::bpchar[])) AND (p_brand = 'Brand#41'::bpchar) AND (p_size <= 5) AND (p_size >= 1)) OR ((p_container = ANY ('{"MED BAG","MED BOX","MED PKG","MED PACK"}'::bpchar[])) AND (p_brand = 'Brand#33'::bpchar) AND (p_size <= 10) AND (p_size >= 1)) OR ((p_container = ANY ('{"LG CASE","LG BOX","LG PACK","LG PKG"}'::bpchar[])) AND (p_brand = 'Brand#23'::bpchar) AND (p_size <= 15) AND (p_size >= 1)))
               ->  BitmapOr  (cost=12875.22..12875.22 rows=4774 width=0)
                     ->  BitmapAnd  (cost=2305.93..2305.93 rows=804 width=0)
                           ->  Bitmap Index Scan on part_p_container_p_brand_p_partkey_idx  (cost=0.00..290.03 rows=8033 width=0)
                                 Index Cond: ((p_container = ANY ('{"SM CASE","SM BOX","SM PACK","SM PKG"}'::bpchar[])) AND (p_brand = 'Brand#41'::bpchar))
                           ->  Bitmap Index Scan on part_p_size_brin_idx  (cost=0.00..2013.27 rows=200127 width=0)
                                 Index Cond: ((p_size <= 5) AND (p_size >= 1))
                     ->  BitmapAnd  (cost=4298.57..4298.57 rows=1612 width=0)
                           ->  Bitmap Index Scan on part_p_container_p_brand_p_partkey_idx  (cost=0.00..290.47 rows=8075 width=0)
                                 Index Cond: ((p_container = ANY ('{"MED BAG","MED BOX","MED PKG","MED PACK"}'::bpchar[])) AND (p_brand = 'Brand#33'::bpchar))
                           ->  Bitmap Index Scan on part_p_size_brin_idx  (cost=0.00..4005.47 rows=399347 width=0)
                                 Index Cond: ((p_size <= 10) AND (p_size >= 1))
                     ->  BitmapAnd  (cost=6270.21..6270.21 rows=2357 width=0)
                           ->  Bitmap Index Scan on part_p_container_p_brand_p_partkey_idx  (cost=0.00..272.51 rows=7880 width=0)
                                 Index Cond: ((p_container = ANY ('{"LG CASE","LG BOX","LG PACK","LG PKG"}'::bpchar[])) AND (p_brand = 'Brand#23'::bpchar))
                           ->  Bitmap Index Scan on part_p_size_brin_idx  (cost=0.00..5995.07 rows=598307 width=0)
                                 Index Cond: ((p_size <= 15) AND (p_size >= 1))
         ->  Bitmap Heap Scan on lineitem  (cost=4.74..122.69 rows=1 width=16)
               Recheck Cond: (l_partkey = part.p_partkey)
               Filter: ((l_shipmode = ANY ('{AIR,"AIR REG"}'::bpchar[])) AND (l_shipinstruct = 'DELIVER IN PERSON'::bpchar) AND (((l_quantity >= 1::double precision) AND (l_quantity <= 11::double precision)) OR ((l_quantity >= 15::double precision) AND (l_quantity <= 25::double precision)) OR ((l_quantity >= 30::double precision) AND (l_quantity <= 40::double precision))) AND (((part.p_brand = 'Brand#41'::bpchar) AND (part.p_container = ANY ('{"SM CASE","SM BOX","SM PACK","SM PKG"}'::bpchar[])) AND (l_quantity >= 1::double precision) AND (l_quantity <= 11::double precision) AND (part.p_size <= 5)) OR ((part.p_brand = 'Brand#33'::bpchar) AND (part.p_container = ANY ('{"MED BAG","MED BOX","MED PKG","MED PACK"}'::bpchar[])) AND (l_quantity >= 15::double precision) AND (l_quantity <= 25::double precision) AND (part.p_size <= 10)) OR ((part.p_brand = 'Brand#23'::bpchar) AND (part.p_container = ANY ('{"LG CASE","LG BOX","LG PACK","LG PKG"}'::bpchar[])) AND (l_quantity >= 30::double precision) AND (l_quantity <= 40::double precision) AND (part.p_size <= 15))))
               ->  Bitmap Index Scan on lineitem_l_partkey_l_quantity_idx  (cost=0.00..4.74 rows=31 width=0)
                     Index Cond: (l_partkey = part.p_partkey)
 Planning time: 2.995 ms
(26 rows)

COMMIT;
COMMIT
