BEGIN;
BEGIN
EXPLAIN (ANALYZE, BUFFERS)
select
	s_name,
	count(*) as numwait
from
	supplier,
	lineitem l1,
	orders,
	nation
where
	s_suppkey = l1.l_suppkey
	and o_orderkey = l1.l_orderkey
	and o_orderstatus = 'F'
	and l1.l_receiptdate > l1.l_commitdate
	and exists (
		select
			*
		from
			lineitem l2
		where
			l2.l_orderkey = l1.l_orderkey
			and l2.l_suppkey <> l1.l_suppkey
	)
	and not exists (
		select
			*
		from
			lineitem l3
		where
			l3.l_orderkey = l1.l_orderkey
			and l3.l_suppkey <> l1.l_suppkey
			and l3.l_receiptdate > l3.l_commitdate
	)
	and s_nationkey = n_nationkey
	and n_name = 'IRAN'
group by
	s_name
order by
	numwait desc,
	s_name
LIMIT 100;
                                                                                                  QUERY PLAN                                                                                                  
--------------------------------------------------------------------------------------------------------------------------------------------------------------------------------------------------------------
 Limit  (cost=2843301.51..2843301.51 rows=1 width=26) (actual time=37480.391..37480.409 rows=100 loops=1)
   Buffers: shared hit=14268605 read=144910 dirtied=87 written=654
   ->  Sort  (cost=2843301.51..2843301.51 rows=1 width=26) (actual time=37480.389..37480.396 rows=100 loops=1)
         Sort Key: (count(*)), supplier.s_name
         Sort Method: top-N heapsort  Memory: 32kB
         Buffers: shared hit=14268605 read=144910 dirtied=87 written=654
         ->  HashAggregate  (cost=2843301.49..2843301.50 rows=1 width=26) (actual time=37477.906..37479.244 rows=4023 loops=1)
               Group Key: supplier.s_name
               Buffers: shared hit=14268597 read=144910 dirtied=87 written=654
               ->  Nested Loop Anti Join  (cost=2406.88..2843301.48 rows=1 width=26) (actual time=51.960..37424.166 rows=39932 loops=1)
                     Buffers: shared hit=14268597 read=144910 dirtied=87 written=654
                     ->  Nested Loop Semi Join  (cost=2406.31..2843299.70 rows=1 width=34) (actual time=49.633..34592.715 rows=709091 loops=1)
                           Join Filter: (orders.o_orderkey = l2.l_orderkey)
                           Buffers: shared hit=10708615 read=144467 dirtied=87 written=651
                           ->  Nested Loop  (cost=2405.75..2323251.22 rows=389239 width=38) (actual time=49.597..30351.351 rows=735737 loops=1)
                                 Buffers: shared hit=7054476 read=114509 dirtied=87 written=149
                                 ->  Hash Join  (cost=2405.31..1902499.01 rows=799298 width=34) (actual time=49.542..22879.017 rows=1523003 loops=1)
                                       Hash Cond: (l1.l_suppkey = supplier.s_suppkey)
                                       Buffers: shared hit=986542 read=82116 dirtied=86
                                       ->  Seq Scan on lineitem l1  (cost=0.00..1817043.65 rows=20015217 width=8) (actual time=0.012..16621.959 rows=37928797 loops=1)
                                             Filter: (l_receiptdate > l_commitdate)
                                             Rows Removed by Filter: 22056532
                                             Buffers: shared hit=986099 read=80374 dirtied=86
                                       ->  Hash  (cost=2355.31..2355.31 rows=4000 width=30) (actual time=49.497..49.497 rows=4023 loops=1)
                                             Buckets: 4096  Batches: 1  Memory Usage: 284kB
                                             Buffers: shared hit=440 read=1742
                                             ->  Nested Loop  (cost=43.00..2355.31 rows=4000 width=30) (actual time=0.338..47.963 rows=4023 loops=1)
                                                   Buffers: shared hit=440 read=1742
                                                   ->  Seq Scan on nation  (cost=0.00..1.31 rows=1 width=4) (actual time=0.006..0.010 rows=1 loops=1)
                                                         Filter: (n_name = 'IRAN'::bpchar)
                                                         Rows Removed by Filter: 24
                                                         Buffers: shared hit=1
                                                   ->  Bitmap Heap Scan on supplier  (cost=43.00..2314.00 rows=4000 width=34) (actual time=0.319..47.065 rows=4023 loops=1)
                                                         Recheck Cond: (s_nationkey = nation.n_nationkey)
                                                         Rows Removed by Index Recheck: 95977
                                                         Heap Blocks: lossy=2179
                                                         Buffers: shared hit=439 read=1742
                                                         ->  Bitmap Index Scan on supplier_s_nationkey_s_suppkey_brin_idx  (cost=0.00..42.00 rows=4000 width=0) (actual time=0.301..0.301 rows=23040 loops=1)
                                                               Index Cond: (s_nationkey = nation.n_nationkey)
                                                               Buffers: shared read=2
                                 ->  Index Scan using pk_orders on orders  (cost=0.43..0.52 rows=1 width=4) (actual time=0.004..0.004 rows=0 loops=1523003)
                                       Index Cond: (o_orderkey = l1.l_orderkey)
                                       Filter: (o_orderstatus = 'F'::bpchar)
                                       Rows Removed by Filter: 1
                                       Buffers: shared hit=6067934 read=32393 dirtied=1 written=149
                           ->  Index Scan using pk_lineitem on lineitem l2  (cost=0.56..1.15 rows=15 width=8) (actual time=0.005..0.005 rows=1 loops=735737)
                                 Index Cond: (l_orderkey = l1.l_orderkey)
                                 Filter: (l_suppkey <> l1.l_suppkey)
                                 Rows Removed by Filter: 0
                                 Buffers: shared hit=3654139 read=29958 written=502
                     ->  Index Scan using pk_lineitem on lineitem l3  (cost=0.56..1.15 rows=5 width=8) (actual time=0.004..0.004 rows=1 loops=709091)
                           Index Cond: (l_orderkey = l1.l_orderkey)
                           Filter: ((l_receiptdate > l_commitdate) AND (l_suppkey <> l1.l_suppkey))
                           Rows Removed by Filter: 1
                           Buffers: shared hit=3559982 read=443 written=3
 Planning time: 8.178 ms
 Execution time: 37480.712 ms
(57 rows)

COMMIT;
COMMIT
